2018-06-05 11:21:05,274 - __main__ - INFO - Start function get_url()
2018-06-05 11:21:47,752 - __main__ - INFO - Start function get_url()
2018-06-05 11:24:22,206 - __main__ - INFO - Start function get_url()
2018-06-05 11:31:30,525 - __main__ - INFO - Start function get_url()
2018-06-05 11:32:05,870 - __main__ - INFO - Start function get_url()
2018-06-05 11:33:02,668 - __main__ - INFO - Start function get_url()
2018-06-05 11:35:53,764 - __main__ - INFO - Start function get_url()
2018-06-05 11:36:22,957 - __main__ - INFO - Start function get_url()
2018-06-05 11:36:23,691 - __main__ - DEBUG - listurl = ['src="//img1.mukewang.com/5b14b0480001672706000338-240-135.jpg', 'src="//img4.mukewang.com/5b14c8690001f5b406000338-240-135.jpg', 'src="//img.mukewang.com/5b0248080001dcc306000338-240-135.jpg', 'src="//img4.mukewang.com/5b052bca000137c006000338-240-135.jpg', 'src="//img1.mukewang.com/5b025dbd00015d1a06000338-240-135.jpg', 'src="//img1.mukewang.com/5b03eead0001196606000338-240-135.jpg', 'src="//img4.mukewang.com/5afe7ffa00018fff06000338-240-135.jpg', 'src="//img1.mukewang.com/5b03c68a000159b506000338-240-135.jpg', 'src="//img2.mukewang.com/5afbe5b30001007e06000338-240-135.jpg', 'src="//img3.mukewang.com/5afd3bee0001afdc06000338-240-135.jpg', 'src="//img3.mukewang.com/5ae96be40001e24e06000338-240-135.jpg', 'src="//img2.mukewang.com/5af553c300015fb806000338-240-135.jpg', 'src="//img3.mukewang.com/5adfee7f0001cbb906000338-240-135.jpg', 'src="//img2.mukewang.com/5ae3e5b80001818c06000338-240-135.jpg', 'src="//img4.mukewang.com/5ae4458000016dfe05400300-240-135.jpg', 'src="//img4.mukewang.com/5aec13530001805d06000338-240-135.jpg', 'src="//img4.mukewang.com/5aeecb1d0001e5ea06000338-240-135.jpg', 'src="//img.mukewang.com/5ae19cf20001e95506000338-240-135.jpg', 'src="//img.mukewang.com/5ad069010001005a06000338-240-135.jpg', 'src="//img3.mukewang.com/5adecab10001991306000338-240-135.jpg', 'src="//img.mukewang.com/5ad5cc9c0001c91906000338-240-135.jpg', 'src="//img1.mukewang.com/5ad9c04900010ee306000338-240-135.jpg', 'src="//img.mukewang.com/5ab8d27d00010ac006000338-240-135.jpg', 'src="//img4.mukewang.com/5ad5cc490001e53006000338-240-135.jpg', 'src="//img4.mukewang.com/5acd8d3e0001881a06000338-240-135.jpg']
2018-06-05 11:36:23,707 - __main__ - DEBUG - imglist = <map object at 0x000001D7AA571438>
2018-06-05 11:36:23,707 - __main__ - INFO - End function get_url()
2018-06-05 11:36:23,707 - __main__ - INFO - Start function download_img()
2018-06-05 11:36:26,785 - __main__ - INFO - End function download_img()
2018-06-05 11:37:18,029 - __main__ - INFO - Start function get_url()
2018-06-05 11:48:22,029 - __main__ - INFO - Start function get_url()
2018-06-05 11:48:23,467 - __main__ - DEBUG - listurl = ['src="//img3.mukewang.com/5b14b0480001672706000338-240-135.jpg', 'src="//img3.mukewang.com/5b14c8690001f5b406000338-240-135.jpg', 'src="//img2.mukewang.com/5b0248080001dcc306000338-240-135.jpg', 'src="//img3.mukewang.com/5b052bca000137c006000338-240-135.jpg', 'src="//img.mukewang.com/5b025dbd00015d1a06000338-240-135.jpg', 'src="//img1.mukewang.com/5b03eead0001196606000338-240-135.jpg', 'src="//img4.mukewang.com/5afe7ffa00018fff06000338-240-135.jpg', 'src="//img2.mukewang.com/5b03c68a000159b506000338-240-135.jpg', 'src="//img1.mukewang.com/5afbe5b30001007e06000338-240-135.jpg', 'src="//img2.mukewang.com/5afd3bee0001afdc06000338-240-135.jpg', 'src="//img4.mukewang.com/5ae96be40001e24e06000338-240-135.jpg', 'src="//img2.mukewang.com/5af553c300015fb806000338-240-135.jpg', 'src="//img3.mukewang.com/5adfee7f0001cbb906000338-240-135.jpg', 'src="//img1.mukewang.com/5ae3e5b80001818c06000338-240-135.jpg', 'src="//img.mukewang.com/5ae4458000016dfe05400300-240-135.jpg', 'src="//img2.mukewang.com/5aec13530001805d06000338-240-135.jpg', 'src="//img2.mukewang.com/5aeecb1d0001e5ea06000338-240-135.jpg', 'src="//img4.mukewang.com/5ae19cf20001e95506000338-240-135.jpg', 'src="//img1.mukewang.com/5ad069010001005a06000338-240-135.jpg', 'src="//img2.mukewang.com/5adecab10001991306000338-240-135.jpg', 'src="//img.mukewang.com/5ad5cc9c0001c91906000338-240-135.jpg', 'src="//img4.mukewang.com/5ad9c04900010ee306000338-240-135.jpg', 'src="//img.mukewang.com/5ab8d27d00010ac006000338-240-135.jpg', 'src="//img.mukewang.com/5ad5cc490001e53006000338-240-135.jpg', 'src="//img4.mukewang.com/5acd8d3e0001881a06000338-240-135.jpg']
2018-06-05 11:48:23,467 - __main__ - DEBUG - imglist = <map object at 0x0000022690C714A8>
2018-06-05 11:48:23,467 - __main__ - INFO - End function get_url()
2018-06-05 11:48:23,467 - __main__ - INFO - Start function download_img()
2018-06-05 11:48:27,952 - __main__ - INFO - End function download_img()
2018-06-05 11:51:33,821 - __main__ - INFO - Start function get_url()
2018-06-05 11:51:34,430 - __main__ - DEBUG - listurl = ['src="//img1.mukewang.com/5b14b0480001672706000338-240-135.jpg', 'src="//img3.mukewang.com/5b14c8690001f5b406000338-240-135.jpg', 'src="//img3.mukewang.com/5b0248080001dcc306000338-240-135.jpg', 'src="//img2.mukewang.com/5b052bca000137c006000338-240-135.jpg', 'src="//img.mukewang.com/5b025dbd00015d1a06000338-240-135.jpg', 'src="//img3.mukewang.com/5b03eead0001196606000338-240-135.jpg', 'src="//img1.mukewang.com/5afe7ffa00018fff06000338-240-135.jpg', 'src="//img.mukewang.com/5b03c68a000159b506000338-240-135.jpg', 'src="//img3.mukewang.com/5afbe5b30001007e06000338-240-135.jpg', 'src="//img.mukewang.com/5afd3bee0001afdc06000338-240-135.jpg', 'src="//img3.mukewang.com/5ae96be40001e24e06000338-240-135.jpg', 'src="//img2.mukewang.com/5af553c300015fb806000338-240-135.jpg', 'src="//img.mukewang.com/5adfee7f0001cbb906000338-240-135.jpg', 'src="//img.mukewang.com/5ae3e5b80001818c06000338-240-135.jpg', 'src="//img4.mukewang.com/5ae4458000016dfe05400300-240-135.jpg', 'src="//img1.mukewang.com/5aec13530001805d06000338-240-135.jpg', 'src="//img.mukewang.com/5aeecb1d0001e5ea06000338-240-135.jpg', 'src="//img.mukewang.com/5ae19cf20001e95506000338-240-135.jpg', 'src="//img.mukewang.com/5ad069010001005a06000338-240-135.jpg', 'src="//img3.mukewang.com/5adecab10001991306000338-240-135.jpg', 'src="//img1.mukewang.com/5ad5cc9c0001c91906000338-240-135.jpg', 'src="//img1.mukewang.com/5ad9c04900010ee306000338-240-135.jpg', 'src="//img4.mukewang.com/5ab8d27d00010ac006000338-240-135.jpg', 'src="//img4.mukewang.com/5ad5cc490001e53006000338-240-135.jpg', 'src="//img.mukewang.com/5acd8d3e0001881a06000338-240-135.jpg']
2018-06-05 11:51:34,430 - __main__ - DEBUG - imglist = <map object at 0x0000025EDBAF1438>
2018-06-05 11:51:34,430 - __main__ - INFO - End function get_url()
2018-06-05 11:52:35,620 - __main__ - INFO - Start function get_url()
2018-06-05 11:52:36,323 - __main__ - DEBUG - listurl = ['src="//img.mukewang.com/5b14b0480001672706000338-240-135.jpg', 'src="//img2.mukewang.com/5b14c8690001f5b406000338-240-135.jpg', 'src="//img2.mukewang.com/5b0248080001dcc306000338-240-135.jpg', 'src="//img4.mukewang.com/5b052bca000137c006000338-240-135.jpg', 'src="//img2.mukewang.com/5b025dbd00015d1a06000338-240-135.jpg', 'src="//img4.mukewang.com/5b03eead0001196606000338-240-135.jpg', 'src="//img4.mukewang.com/5afe7ffa00018fff06000338-240-135.jpg', 'src="//img4.mukewang.com/5b03c68a000159b506000338-240-135.jpg', 'src="//img4.mukewang.com/5afbe5b30001007e06000338-240-135.jpg', 'src="//img1.mukewang.com/5afd3bee0001afdc06000338-240-135.jpg', 'src="//img.mukewang.com/5ae96be40001e24e06000338-240-135.jpg', 'src="//img1.mukewang.com/5af553c300015fb806000338-240-135.jpg', 'src="//img4.mukewang.com/5adfee7f0001cbb906000338-240-135.jpg', 'src="//img3.mukewang.com/5ae3e5b80001818c06000338-240-135.jpg', 'src="//img2.mukewang.com/5ae4458000016dfe05400300-240-135.jpg', 'src="//img1.mukewang.com/5aec13530001805d06000338-240-135.jpg', 'src="//img3.mukewang.com/5aeecb1d0001e5ea06000338-240-135.jpg', 'src="//img1.mukewang.com/5ae19cf20001e95506000338-240-135.jpg', 'src="//img1.mukewang.com/5ad069010001005a06000338-240-135.jpg', 'src="//img.mukewang.com/5adecab10001991306000338-240-135.jpg', 'src="//img4.mukewang.com/5ad5cc9c0001c91906000338-240-135.jpg', 'src="//img.mukewang.com/5ad9c04900010ee306000338-240-135.jpg', 'src="//img.mukewang.com/5ab8d27d00010ac006000338-240-135.jpg', 'src="//img1.mukewang.com/5ad5cc490001e53006000338-240-135.jpg', 'src="//img3.mukewang.com/5acd8d3e0001881a06000338-240-135.jpg']
2018-06-05 11:52:36,323 - __main__ - DEBUG - imglist = <map object at 0x000001E55CD80518>
2018-06-05 11:52:36,323 - __main__ - INFO - End function get_url()
2018-06-05 11:52:36,323 - __main__ - INFO - Start function download_img()
2018-06-05 15:29:10,947 - __main__ - INFO - Start function get_url()
2018-06-05 15:29:11,713 - __main__ - DEBUG - listurl = []
2018-06-05 15:29:11,713 - __main__ - DEBUG - imglist = <map object at 0x0000023E680914E0>
2018-06-05 15:29:11,713 - __main__ - INFO - End function get_url()
2018-06-05 15:29:11,713 - __main__ - INFO - Start function download_img()
2018-06-05 15:29:11,713 - __main__ - INFO - End function download_img()
2018-06-05 15:30:18,121 - __main__ - INFO - Start function get_url()
2018-06-05 15:30:18,793 - __main__ - DEBUG - listurl = []
2018-06-05 15:30:18,793 - __main__ - DEBUG - imglist = <map object at 0x0000020CCB4214E0>
2018-06-05 15:30:18,793 - __main__ - INFO - End function get_url()
2018-06-05 15:30:18,793 - __main__ - INFO - Start function download_img()
2018-06-05 15:30:18,793 - __main__ - INFO - End function download_img()
